
GAL16V8B
A EXAMPLE for clock logic
2020-02-17，by xinkai
e-mail:aakwxk@hotmail.com

CLK A B RESET NC NC NC NC NC GND
OE A1 Q1 Q2 Q3 Q4 Q5 Q6 NC VCC

A1:=A
Q1:=/Q2*/Q3*/Q4*/Q5*/Q6
Q2:=Q2*A1*A + Q2*/A1*/A + Q2*/B + Q1*/A1*A*B + Q3*A1*/A*B
Q3:=Q3*A1*A + Q3*/A1*/A + Q3*/B + Q2*/A1*A*B + Q4*A1*/A*B
Q4:=Q4*A1*A + Q4*/A1*/A + Q4*/B + Q3*/A1*A*B + Q5*A1*/A*B
Q5:=Q5*A1*A + Q5*/A1*/A + Q5*/B + Q4*/A1*A*B + Q6*A1*/A*B
Q6:=Q6*A1*A + Q6*/A1*/A + Q6*/B + Q5*/A1*A*B + Q1*A1*/A*B

DESCRIPTION


GAL16V8B
A EXAMPLE for clock logic
2020-02-17，by xinkai
e-mail:aakwxk@hotmail.com

                            __________    __________ 
                            |         \__/         | 
                            |                      | 
                     CLK    | 01                20 |         VCC
                            |                      | 
                       A    | 02                19 |          NC
                            |                      | 
                       B    | 03                18 |          Q6
                            |                      | 
                   RESET    | 04                17 |          Q5
                            |                      | 
                      NC    | 05                16 |          Q4
                            |                      | 
                      NC    | 06                15 |          Q3
                            |                      | 
                      NC    | 07                14 |          Q2
                            |                      | 
                      NC    | 08                13 |          Q1
                            |                      | 
                      NC    | 09                12 |          A1
                            |                      | 
                     GND    | 10                11 |          OE
                            |                      | 
                            |______________________| 

